# JRE version: OpenJDK Runtime Environment (8.0_202-b03) (build 1.8.0_202-release-1483-b03)
# Java VM: OpenJDK 64-Bit Server VM (25.202-b03 mixed mode windows-amd64 compressed oops)
Heap:
 PSYoungGen      total 129024K, used 53722K [0x00000000e0000000, 0x00000000ebe00000, 0x0000000100000000)
  eden space 91136K, 17% used [0x00000000e0000000,0x00000000e0f77980,0x00000000e5900000)
  from space 37888K, 99% used [0x00000000e5900000,0x00000000e7dff0c0,0x00000000e7e00000)
  to   space 44032K, 0% used [0x00000000e9300000,0x00000000e9300000,0x00000000ebe00000)
 ParOldGen       total 177152K, used 94587K [0x00000000a0000000, 0x00000000aad00000, 0x00000000e0000000)
  object space 177152K, 53% used [0x00000000a0000000,0x00000000a5c5ee38,0x00000000aad00000)
 Metaspace       used 90656K, capacity 93798K, committed 93912K, reserved 1130496K
  class space    used 11808K, capacity 12458K, committed 12544K, reserved 1048576K
GC Heap History (10 events):
Event: 106.811 GC heap before
{Heap before GC invocations=40 (full 5):
 PSYoungGen      total 115712K, used 85768K [0x00000000e0000000, 0x00000000e9980000, 0x0000000100000000)
  eden space 79360K, 100% used [0x00000000e0000000,0x00000000e4d80000,0x00000000e4d80000)
  from space 36352K, 17% used [0x00000000e7600000,0x00000000e7c423f8,0x00000000e9980000)
  to   space 38912K, 0% used [0x00000000e4d80000,0x00000000e4d80000,0x00000000e7380000)
 ParOldGen       total 177152K, used 88313K [0x00000000a0000000, 0x00000000aad00000, 0x00000000e0000000)
  object space 177152K, 49% used [0x00000000a0000000,0x00000000a563e7a8,0x00000000aad00000)
 Metaspace       used 85925K, capacity 88514K, committed 88664K, reserved 1126400K
  class space    used 11267K, capacity 11834K, committed 11904K, reserved 1048576K
Event: 106.826 GC heap after
Heap after GC invocations=40 (full 5):
 PSYoungGen      total 118272K, used 16759K [0x00000000e0000000, 0x00000000e9e00000, 0x0000000100000000)
  eden space 79360K, 0% used [0x00000000e0000000,0x00000000e0000000,0x00000000e4d80000)
  from space 38912K, 43% used [0x00000000e4d80000,0x00000000e5dddc20,0x00000000e7380000)
  to   space 37376K, 0% used [0x00000000e7980000,0x00000000e7980000,0x00000000e9e00000)
 ParOldGen       total 177152K, used 88321K [0x00000000a0000000, 0x00000000aad00000, 0x00000000e0000000)
  object space 177152K, 49% used [0x00000000a0000000,0x00000000a56407a8,0x00000000aad00000)
 Metaspace       used 85925K, capacity 88514K, committed 88664K, reserved 1126400K
  class space    used 11267K, capacity 11834K, committed 11904K, reserved 1048576K
}
Event: 108.301 GC heap before
{Heap before GC invocations=41 (full 5):
 PSYoungGen      total 118272K, used 96001K [0x00000000e0000000, 0x00000000e9e00000, 0x0000000100000000)
  eden space 79360K, 99% used [0x00000000e0000000,0x00000000e4d62aa0,0x00000000e4d80000)
  from space 38912K, 43% used [0x00000000e4d80000,0x00000000e5dddc20,0x00000000e7380000)
  to   space 37376K, 0% used [0x00000000e7980000,0x00000000e7980000,0x00000000e9e00000)
 ParOldGen       total 177152K, used 88321K [0x00000000a0000000, 0x00000000aad00000, 0x00000000e0000000)
  object space 177152K, 49% used [0x00000000a0000000,0x00000000a56407a8,0x00000000aad00000)
 Metaspace       used 88500K, capacity 91438K, committed 91480K, reserved 1128448K
  class space    used 11547K, capacity 12138K, committed 12160K, reserved 1048576K
Event: 108.315 GC heap after
Heap after GC invocations=41 (full 5):
 PSYoungGen      total 120320K, used 13157K [0x00000000e0000000, 0x00000000e9a00000, 0x0000000100000000)
  eden space 87040K, 0% used [0x00000000e0000000,0x00000000e0000000,0x00000000e5500000)
  from space 33280K, 39% used [0x00000000e7980000,0x00000000e8659730,0x00000000e9a00000)
  to   space 35328K, 0% used [0x00000000e5500000,0x00000000e5500000,0x00000000e7780000)
 ParOldGen       total 177152K, used 88329K [0x00000000a0000000, 0x00000000aad00000, 0x00000000e0000000)
  object space 177152K, 49% used [0x00000000a0000000,0x00000000a56427a8,0x00000000aad00000)
 Metaspace       used 88500K, capacity 91438K, committed 91480K, reserved 1128448K
  class space    used 11547K, capacity 12138K, committed 12160K, reserved 1048576K
}
Event: 110.376 GC heap before
{Heap before GC invocations=42 (full 5):
 PSYoungGen      total 120320K, used 100197K [0x00000000e0000000, 0x00000000e9a00000, 0x0000000100000000)
  eden space 87040K, 100% used [0x00000000e0000000,0x00000000e5500000,0x00000000e5500000)
  from space 33280K, 39% used [0x00000000e7980000,0x00000000e8659730,0x00000000e9a00000)
  to   space 35328K, 0% used [0x00000000e5500000,0x00000000e5500000,0x00000000e7780000)
 ParOldGen       total 177152K, used 88329K [0x00000000a0000000, 0x00000000aad00000, 0x00000000e0000000)
  object space 177152K, 49% used [0x00000000a0000000,0x00000000a56427a8,0x00000000aad00000)
 Metaspace       used 89147K, capacity 92196K, committed 92376K, reserved 1130496K
  class space    used 11614K, capacity 12225K, committed 12288K, reserved 1048576K
Event: 110.386 GC heap after
Heap after GC invocations=42 (full 5):
 PSYoungGen      total 122368K, used 10915K [0x00000000e0000000, 0x00000000e9f00000, 0x0000000100000000)
  eden space 87040K, 0% used [0x00000000e0000000,0x00000000e0000000,0x00000000e5500000)
  from space 35328K, 30% used [0x00000000e5500000,0x00000000e5fa8f28,0x00000000e7780000)
  to   space 33792K, 0% used [0x00000000e7e00000,0x00000000e7e00000,0x00000000e9f00000)
 ParOldGen       total 177152K, used 88337K [0x00000000a0000000, 0x00000000aad00000, 0x00000000e0000000)
  object space 177152K, 49% used [0x00000000a0000000,0x00000000a56447a8,0x00000000aad00000)
 Metaspace       used 89147K, capacity 92196K, committed 92376K, reserved 1130496K
  class space    used 11614K, capacity 12225K, committed 12288K, reserved 1048576K
}
Event: 112.026 GC heap before
{Heap before GC invocations=43 (full 5):
 PSYoungGen      total 122368K, used 97955K [0x00000000e0000000, 0x00000000e9f00000, 0x0000000100000000)
  eden space 87040K, 100% used [0x00000000e0000000,0x00000000e5500000,0x00000000e5500000)
  from space 35328K, 30% used [0x00000000e5500000,0x00000000e5fa8f28,0x00000000e7780000)
  to   space 33792K, 0% used [0x00000000e7e00000,0x00000000e7e00000,0x00000000e9f00000)
 ParOldGen       total 177152K, used 88337K [0x00000000a0000000, 0x00000000aad00000, 0x00000000e0000000)
  object space 177152K, 49% used [0x00000000a0000000,0x00000000a56447a8,0x00000000aad00000)
 Metaspace       used 90052K, capacity 93158K, committed 93272K, reserved 1130496K
  class space    used 11749K, capacity 12374K, committed 12416K, reserved 1048576K
Event: 112.105 GC heap after
Heap after GC invocations=43 (full 5):
 PSYoungGen      total 124928K, used 29954K [0x00000000e0000000, 0x00000000eab80000, 0x0000000100000000)
  eden space 91136K, 0% used [0x00000000e0000000,0x00000000e0000000,0x00000000e5900000)
  from space 33792K, 88% used [0x00000000e7e00000,0x00000000e9b40a50,0x00000000e9f00000)
  to   space 37888K, 0% used [0x00000000e5900000,0x00000000e5900000,0x00000000e7e00000)
 ParOldGen       total 177152K, used 88345K [0x00000000a0000000, 0x00000000aad00000, 0x00000000e0000000)
  object space 177152K, 49% used [0x00000000a0000000,0x00000000a56467a8,0x00000000aad00000)
 Metaspace       used 90052K, capacity 93158K, committed 93272K, reserved 1130496K
  class space    used 11749K, capacity 12374K, committed 12416K, reserved 1048576K
}
Event: 112.795 GC heap before
{Heap before GC invocations=44 (full 5):
 PSYoungGen      total 124928K, used 121090K [0x00000000e0000000, 0x00000000eab80000, 0x0000000100000000)
  eden space 91136K, 100% used [0x00000000e0000000,0x00000000e5900000,0x00000000e5900000)
  from space 33792K, 88% used [0x00000000e7e00000,0x00000000e9b40a50,0x00000000e9f00000)
  to   space 37888K, 0% used [0x00000000e5900000,0x00000000e5900000,0x00000000e7e00000)
 ParOldGen       total 177152K, used 88345K [0x00000000a0000000, 0x00000000aad00000, 0x00000000e0000000)
  object space 177152K, 49% used [0x00000000a0000000,0x00000000a56467a8,0x00000000aad00000)
 Metaspace       used 90168K, capacity 93266K, committed 93528K, reserved 1130496K
  class space    used 11751K, capacity 12406K, committed 12416K, reserved 1048576K
Event: 112.827 GC heap after
Heap after GC invocations=44 (full 5):
 PSYoungGen      total 129024K, used 37884K [0x00000000e0000000, 0x00000000ebe00000, 0x0000000100000000)
  eden space 91136K, 0% used [0x00000000e0000000,0x00000000e0000000,0x00000000e5900000)
  from space 37888K, 99% used [0x00000000e5900000,0x00000000e7dff0c0,0x00000000e7e00000)
  to   space 44032K, 0% used [0x00000000e9300000,0x00000000e9300000,0x00000000ebe00000)
 ParOldGen       total 177152K, used 94587K [0x00000000a0000000, 0x00000000aad00000, 0x00000000e0000000)
  object space 177152K, 53% used [0x00000000a0000000,0x00000000a5c5ee38,0x00000000aad00000)
 Metaspace       used 90168K, capacity 93266K, committed 93528K, reserved 1130496K
  class space    used 11751K, capacity 12406K, committed 12416K, reserved 1048576K
}

