# JRE version: OpenJDK Runtime Environment (8.0_202-b03) (build 1.8.0_202-release-1483-b03)
# Java VM: OpenJDK 64-Bit Server VM (25.202-b03 mixed mode windows-amd64 compressed oops)
Heap:
 PSYoungGen      total 72192K, used 10644K [0x00000000e0000000, 0x00000000e7800000, 0x0000000100000000)
  eden space 38912K, 20% used [0x00000000e0000000,0x00000000e07ed820,0x00000000e2600000)
  from space 33280K, 7% used [0x00000000e2600000,0x00000000e2877bd8,0x00000000e4680000)
  to   space 39424K, 0% used [0x00000000e5180000,0x00000000e5180000,0x00000000e7800000)
 ParOldGen       total 86016K, used 85569K [0x00000000a0000000, 0x00000000a5400000, 0x00000000e0000000)
  object space 86016K, 99% used [0x00000000a0000000,0x00000000a5390698,0x00000000a5400000)
 Metaspace       used 88139K, capacity 91004K, committed 92440K, reserved 1130496K
  class space    used 11170K, capacity 11802K, committed 12072K, reserved 1048576K
GC Heap History (10 events):
Event: 10918.630 GC heap before
{Heap before GC invocations=45 (full 3):
 PSYoungGen      total 68608K, used 67928K [0x00000000e0000000, 0x00000000e6080000, 0x0000000100000000)
  eden space 45568K, 100% used [0x00000000e0000000,0x00000000e2c80000,0x00000000e2c80000)
  from space 23040K, 97% used [0x00000000e2d80000,0x00000000e4356010,0x00000000e4400000)
  to   space 26624K, 0% used [0x00000000e4680000,0x00000000e4680000,0x00000000e6080000)
 ParOldGen       total 72704K, used 51661K [0x00000000a0000000, 0x00000000a4700000, 0x00000000e0000000)
  object space 72704K, 71% used [0x00000000a0000000,0x00000000a3273680,0x00000000a4700000)
 Metaspace       used 81086K, capacity 84698K, committed 85016K, reserved 1122304K
  class space    used 10473K, capacity 11207K, committed 11304K, reserved 1048576K
Event: 10918.655 GC heap after
Heap after GC invocations=45 (full 3):
 PSYoungGen      total 65536K, used 26622K [0x00000000e0000000, 0x00000000e7380000, 0x0000000100000000)
  eden space 38912K, 0% used [0x00000000e0000000,0x00000000e0000000,0x00000000e2600000)
  from space 26624K, 99% used [0x00000000e4680000,0x00000000e607fa68,0x00000000e6080000)
  to   space 33280K, 0% used [0x00000000e2600000,0x00000000e2600000,0x00000000e4680000)
 ParOldGen       total 72704K, used 59671K [0x00000000a0000000, 0x00000000a4700000, 0x00000000e0000000)
  object space 72704K, 82% used [0x00000000a0000000,0x00000000a3a45d78,0x00000000a4700000)
 Metaspace       used 81086K, capacity 84698K, committed 85016K, reserved 1122304K
  class space    used 10473K, capacity 11207K, committed 11304K, reserved 1048576K
}
Event: 10920.785 GC heap before
{Heap before GC invocations=46 (full 3):
 PSYoungGen      total 65536K, used 65534K [0x00000000e0000000, 0x00000000e7380000, 0x0000000100000000)
  eden space 38912K, 100% used [0x00000000e0000000,0x00000000e2600000,0x00000000e2600000)
  from space 26624K, 99% used [0x00000000e4680000,0x00000000e607fa68,0x00000000e6080000)
  to   space 33280K, 0% used [0x00000000e2600000,0x00000000e2600000,0x00000000e4680000)
 ParOldGen       total 72704K, used 59671K [0x00000000a0000000, 0x00000000a4700000, 0x00000000e0000000)
  object space 72704K, 82% used [0x00000000a0000000,0x00000000a3a45d78,0x00000000a4700000)
 Metaspace       used 86948K, capacity 90656K, committed 90776K, reserved 1128448K
  class space    used 11149K, capacity 11912K, committed 11944K, reserved 1048576K
Event: 10920.808 GC heap after
Heap after GC invocations=46 (full 3):
 PSYoungGen      total 72192K, used 33254K [0x00000000e0000000, 0x00000000e7800000, 0x0000000100000000)
  eden space 38912K, 0% used [0x00000000e0000000,0x00000000e0000000,0x00000000e2600000)
  from space 33280K, 99% used [0x00000000e2600000,0x00000000e4679a20,0x00000000e4680000)
  to   space 39424K, 0% used [0x00000000e5180000,0x00000000e5180000,0x00000000e7800000)
 ParOldGen       total 72704K, used 61892K [0x00000000a0000000, 0x00000000a4700000, 0x00000000e0000000)
  object space 72704K, 85% used [0x00000000a0000000,0x00000000a3c71068,0x00000000a4700000)
 Metaspace       used 86948K, capacity 90656K, committed 90776K, reserved 1128448K
  class space    used 11149K, capacity 11912K, committed 11944K, reserved 1048576K
}
Event: 10921.552 GC heap before
{Heap before GC invocations=47 (full 3):
 PSYoungGen      total 72192K, used 72166K [0x00000000e0000000, 0x00000000e7800000, 0x0000000100000000)
  eden space 38912K, 100% used [0x00000000e0000000,0x00000000e2600000,0x00000000e2600000)
  from space 33280K, 99% used [0x00000000e2600000,0x00000000e4679a20,0x00000000e4680000)
  to   space 39424K, 0% used [0x00000000e5180000,0x00000000e5180000,0x00000000e7800000)
 ParOldGen       total 72704K, used 61892K [0x00000000a0000000, 0x00000000a4700000, 0x00000000e0000000)
  object space 72704K, 85% used [0x00000000a0000000,0x00000000a3c71068,0x00000000a4700000)
 Metaspace       used 88018K, capacity 91648K, committed 91928K, reserved 1128448K
  class space    used 11245K, capacity 12008K, committed 12072K, reserved 1048576K
Event: 10921.605 GC heap after
Heap after GC invocations=47 (full 3):
 PSYoungGen      total 78336K, used 39134K [0x00000000e0000000, 0x00000000e7800000, 0x0000000100000000)
  eden space 38912K, 0% used [0x00000000e0000000,0x00000000e0000000,0x00000000e2600000)
  from space 39424K, 99% used [0x00000000e5180000,0x00000000e77b7b88,0x00000000e7800000)
  to   space 33280K, 0% used [0x00000000e2600000,0x00000000e2600000,0x00000000e4680000)
 ParOldGen       total 72704K, used 62454K [0x00000000a0000000, 0x00000000a4700000, 0x00000000e0000000)
  object space 72704K, 85% used [0x00000000a0000000,0x00000000a3cfdbe0,0x00000000a4700000)
 Metaspace       used 88018K, capacity 91648K, committed 91928K, reserved 1128448K
  class space    used 11245K, capacity 12008K, committed 12072K, reserved 1048576K
}
Event: 10921.874 GC heap before
{Heap before GC invocations=48 (full 3):
 PSYoungGen      total 78336K, used 78046K [0x00000000e0000000, 0x00000000e7800000, 0x0000000100000000)
  eden space 38912K, 100% used [0x00000000e0000000,0x00000000e2600000,0x00000000e2600000)
  from space 39424K, 99% used [0x00000000e5180000,0x00000000e77b7b88,0x00000000e7800000)
  to   space 33280K, 0% used [0x00000000e2600000,0x00000000e2600000,0x00000000e4680000)
 ParOldGen       total 72704K, used 62454K [0x00000000a0000000, 0x00000000a4700000, 0x00000000e0000000)
  object space 72704K, 85% used [0x00000000a0000000,0x00000000a3cfdbe0,0x00000000a4700000)
 Metaspace       used 88084K, capacity 91712K, committed 91928K, reserved 1128448K
  class space    used 11247K, capacity 12008K, committed 12072K, reserved 1048576K
Event: 10921.912 GC heap after
Heap after GC invocations=48 (full 3):
 PSYoungGen      total 72192K, used 33255K [0x00000000e0000000, 0x00000000e7800000, 0x0000000100000000)
  eden space 38912K, 0% used [0x00000000e0000000,0x00000000e0000000,0x00000000e2600000)
  from space 33280K, 99% used [0x00000000e2600000,0x00000000e4679e18,0x00000000e4680000)
  to   space 39424K, 0% used [0x00000000e5180000,0x00000000e5180000,0x00000000e7800000)
 ParOldGen       total 86016K, used 85079K [0x00000000a0000000, 0x00000000a5400000, 0x00000000e0000000)
  object space 86016K, 98% used [0x00000000a0000000,0x00000000a5315d58,0x00000000a5400000)
 Metaspace       used 88084K, capacity 91712K, committed 91928K, reserved 1128448K
  class space    used 11247K, capacity 12008K, committed 12072K, reserved 1048576K
}
Event: 10921.920 GC heap before
{Heap before GC invocations=49 (full 4):
 PSYoungGen      total 72192K, used 33255K [0x00000000e0000000, 0x00000000e7800000, 0x0000000100000000)
  eden space 38912K, 0% used [0x00000000e0000000,0x00000000e0000000,0x00000000e2600000)
  from space 33280K, 99% used [0x00000000e2600000,0x00000000e4679e18,0x00000000e4680000)
  to   space 39424K, 0% used [0x00000000e5180000,0x00000000e5180000,0x00000000e7800000)
 ParOldGen       total 86016K, used 85079K [0x00000000a0000000, 0x00000000a5400000, 0x00000000e0000000)
  object space 86016K, 98% used [0x00000000a0000000,0x00000000a5315d58,0x00000000a5400000)
 Metaspace       used 88084K, capacity 91712K, committed 91928K, reserved 1128448K
  class space    used 11247K, capacity 12008K, committed 12072K, reserved 1048576K
Event: 10922.900 GC heap after
Heap after GC invocations=49 (full 4):
 PSYoungGen      total 72192K, used 2526K [0x00000000e0000000, 0x00000000e7800000, 0x0000000100000000)
  eden space 38912K, 0% used [0x00000000e0000000,0x00000000e0000000,0x00000000e2600000)
  from space 33280K, 7% used [0x00000000e2600000,0x00000000e2877bd8,0x00000000e4680000)
  to   space 39424K, 0% used [0x00000000e5180000,0x00000000e5180000,0x00000000e7800000)
 ParOldGen       total 86016K, used 85569K [0x00000000a0000000, 0x00000000a5400000, 0x00000000e0000000)
  object space 86016K, 99% used [0x00000000a0000000,0x00000000a5390698,0x00000000a5400000)
 Metaspace       used 87359K, capacity 90236K, committed 91928K, reserved 1128448K
  class space    used 11102K, capacity 11738K, committed 12072K, reserved 1048576K
}

